<?xml version="1.0" encoding="utf-8"?>
<TestRun id="5c734c27-267a-4620-a736-325dfb3ab9ad" name="AC39563@5CG91348CK 2020-02-07 15:21:52" runUser="CTL\AC39563" xmlns="http://microsoft.com/schemas/VisualStudio/TeamTest/2010">
  <Times creation="2020-02-07T15:21:52.3748877+05:30" queuing="2020-02-07T15:21:52.3748901+05:30" start="2020-02-07T15:21:50.7033129+05:30" finish="2020-02-07T15:21:52.4016350+05:30" />
  <TestSettings name="default" id="4bfb1ab4-c6a0-47f3-a02d-6bbf6cb55c8e">
    <Deployment runDeploymentRoot="AC39563_5CG91348CK_2020-02-07_15_21_52" />
  </TestSettings>
  <Results>
    <UnitTestResult executionId="148de58b-3f94-4093-b7d4-b764a3a86896" testId="6b8172fe-9381-e1cc-3c36-8c3b04d05b11" testName="Webapp.Tests.UnitTest1.Test1" computerName="5CG91348CK" duration="00:00:00.0037002" startTime="2020-02-07T15:21:52.1786780+05:30" endTime="2020-02-07T15:21:52.1791287+05:30" testType="13cdc9d9-ddb5-4fa4-a97d-d965ccfc6d4b" outcome="Passed" testListId="8c84fa94-04c1-424b-9868-57a2d4851a1d" relativeResultsDirectory="148de58b-3f94-4093-b7d4-b764a3a86896" />
  </Results>
  <TestDefinitions>
    <UnitTest name="Webapp.Tests.UnitTest1.Test1" storage="c:\users\ac39563\dotnetprojectgeneration\xunitex\webapp.tests\bin\debug\netcoreapp3.1\webapp.tests.dll" id="6b8172fe-9381-e1cc-3c36-8c3b04d05b11">
      <Execution id="148de58b-3f94-4093-b7d4-b764a3a86896" />
      <TestMethod codeBase="C:\Users\ac39563\dotnetprojectgeneration\xunitex\Webapp.Tests\bin\Debug\netcoreapp3.1\Webapp.Tests.dll" adapterTypeName="executor://xunit/VsTestRunner2/netcoreapp" className="Webapp.Tests.UnitTest1" name="Webapp.Tests.UnitTest1.Test1" />
    </UnitTest>
  </TestDefinitions>
  <TestEntries>
    <TestEntry testId="6b8172fe-9381-e1cc-3c36-8c3b04d05b11" executionId="148de58b-3f94-4093-b7d4-b764a3a86896" testListId="8c84fa94-04c1-424b-9868-57a2d4851a1d" />
  </TestEntries>
  <TestLists>
    <TestList name="Results Not in a List" id="8c84fa94-04c1-424b-9868-57a2d4851a1d" />
    <TestList name="All Loaded Results" id="19431567-8539-422a-85d7-44ee4e166bda" />
  </TestLists>
  <ResultSummary outcome="Completed">
    <Counters total="1" executed="1" passed="1" failed="0" error="0" timeout="0" aborted="0" inconclusive="0" passedButRunAborted="0" notRunnable="0" notExecuted="0" disconnected="0" warning="0" completed="0" inProgress="0" pending="0" />
    <Output>
      <StdOut>[xUnit.net 00:00:00.00] xUnit.net VSTest Adapter v2.4.0 (64-bit .NET Core 3.1.1)&#xD;
[xUnit.net 00:00:00.67]   Discovering: Webapp.Tests&#xD;
[xUnit.net 00:00:00.71]   Discovered:  Webapp.Tests&#xD;
[xUnit.net 00:00:00.71]   Starting:    Webapp.Tests&#xD;
[xUnit.net 00:00:00.79]   Finished:    Webapp.Tests&#xD;
</StdOut>
    </Output>
  </ResultSummary>
</TestRun>